<?xml version="1.0" encoding="UTF-8"?>
<!-- Generated by org.testng.reporters.JUnitReportReporter -->
<testsuite skipped="0" hostname="DESKTOP-A399J42" name="practiesTest.LanguageTest" tests="6" failures="0" timestamp="2022-08-25T10:23:22 IST" time="0.085" errors="0">
  <testcase name="Tamil" time="0.017" classname="practiesTest.LanguageTest"/>
  <system-out/>
  <testcase name="germen" time="0.011" classname="practiesTest.LanguageTest"/>
  <system-out/>
  <testcase name="_Latin" time="0.010" classname="practiesTest.LanguageTest"/>
  <system-out/>
  <testcase name="english" time="0.010" classname="practiesTest.LanguageTest"/>
  <system-out/>
  <testcase name="Arabic" time="0.030" classname="practiesTest.LanguageTest"/>
  <system-out/>
  <testcase name="Spanish" time="0.007" classname="practiesTest.LanguageTest"/>
  <system-out/>
</testsuite> <!-- practiesTest.LanguageTest -->
