<?xml version="1.0" encoding="UTF-8"?>
<!-- Generated by org.testng.reporters.JUnitReportReporter -->
<testsuite skipped="0" hostname="DESKTOP-A399J42" name="a1_SampleTest.A2_SampleTestCase" tests="5" failures="0" timestamp="16 Aug 2022 23:46:38 GMT" time="0.047" errors="0">
  <testcase name="addTocardTest" time="0.016" classname="a1_SampleTest.A2_SampleTestCase"/>
  <testcase name="cheakoutpage" time="0.016" classname="a1_SampleTest.A2_SampleTestCase"/>
  <testcase name="placeOrder" time="0.000" classname="a1_SampleTest.A2_SampleTestCase"/>
  <testcase name="loginTest" time="0.000" classname="a1_SampleTest.A2_SampleTestCase"/>
  <testcase name="searchTest" time="0.015" classname="a1_SampleTest.A2_SampleTestCase"/>
</testsuite> <!-- a1_SampleTest.A2_SampleTestCase -->
