<?xml version="1.0" encoding="UTF-8"?>
<!-- Generated by org.testng.reporters.JUnitReportReporter -->
<testsuite skipped="0" hostname="DESKTOP-A399J42" name="a7_groupTest.A1_GroupTest" tests="9" failures="0" timestamp="2022-09-02T21:06:32 IST" time="0.130" errors="0">
  <testcase name="loginTest" time="0.043" classname="a7_groupTest.A1_GroupTest"/>
  <system-out/>
  <testcase name="loginTest" time="0.010" classname="a7_groupTest.A1_GroupTest"/>
  <system-out/>
  <testcase name="loginTest" time="0.005" classname="a7_groupTest.A1_GroupTest"/>
  <system-out/>
  <testcase name="searchTest" time="0.008" classname="a7_groupTest.A1_GroupTest"/>
  <system-out/>
  <testcase name="searchTest" time="0.030" classname="a7_groupTest.A1_GroupTest"/>
  <system-out/>
  <testcase name="searchTest" time="0.016" classname="a7_groupTest.A1_GroupTest"/>
  <system-out/>
  <testcase name="addTocardTest" time="0.002" classname="a7_groupTest.A1_GroupTest"/>
  <system-out/>
  <testcase name="addTocardTest" time="0.011" classname="a7_groupTest.A1_GroupTest"/>
  <system-out/>
  <testcase name="cheakoutpage" time="0.005" classname="a7_groupTest.A1_GroupTest"/>
  <system-out/>
</testsuite> <!-- a7_groupTest.A1_GroupTest -->
