<?xml version="1.0" encoding="UTF-8"?>
<!-- Generated by org.testng.reporters.JUnitReportReporter -->
<testsuite skipped="0" hostname="DESKTOP-A399J42" name="a9_DataproviderTest.A1_SingleTestSingleDataProvider" tests="3" failures="0" timestamp="2022-09-01T18:02:59 IST" time="0.040" errors="0">
  <testcase name="loginTest" time="0.013" classname="a9_DataproviderTest.A1_SingleTestSingleDataProvider"/>
  <system-out/>
  <testcase name="loginTest" time="0.010" classname="a9_DataproviderTest.A1_SingleTestSingleDataProvider"/>
  <system-out/>
  <testcase name="loginTest" time="0.017" classname="a9_DataproviderTest.A1_SingleTestSingleDataProvider"/>
  <system-out/>
</testsuite> <!-- a9_DataproviderTest.A1_SingleTestSingleDataProvider -->
