<?xml version="1.0" encoding="UTF-8"?>
<!-- Generated by org.testng.reporters.JUnitReportReporter -->
<testsuite skipped="1" hostname="DESKTOP-A399J42" name="a2_KeywordsTest.A5_SkipTest" tests="2" failures="0" timestamp="17 Aug 2022 04:15:18 GMT" time="0.031" errors="0">
  <testcase name="loginTest" time="0.031" classname="a2_KeywordsTest.A5_SkipTest"/>
  <testcase name="b_searchTest" classname="a2_KeywordsTest.A5_SkipTest">
    <skipped/>
  </testcase> <!-- b_searchTest -->
</testsuite> <!-- a2_KeywordsTest.A5_SkipTest -->
