<?xml version="1.0" encoding="UTF-8"?>
<!-- Generated by org.testng.reporters.JUnitReportReporter -->
<testsuite skipped="0" hostname="DESKTOP-A399J42" name="a1_SampleTest.A1_SampleTest" tests="1" failures="0" timestamp="16 Aug 2022 23:27:27 GMT" time="0.062" errors="0">
  <testcase name="sampleTest" time="0.062" classname="a1_SampleTest.A1_SampleTest"/>
</testsuite> <!-- a1_SampleTest.A1_SampleTest -->
