<?xml version="1.0" encoding="UTF-8"?>
<!-- Generated by org.testng.reporters.JUnitReportReporter -->
<testsuite skipped="0" hostname="DESKTOP-A399J42" name="a5_assertionTest.A3_HardAssertTest" tests="1" failures="0" timestamp="20 Aug 2022 12:59:54 GMT" time="0.042" errors="0">
  <testcase name="login" time="0.042" classname="a5_assertionTest.A3_HardAssertTest"/>
</testsuite> <!-- a5_assertionTest.A3_HardAssertTest -->
