<?xml version="1.0" encoding="UTF-8"?>
<!-- Generated by org.testng.reporters.JUnitReportReporter -->
<testsuite skipped="0" hostname="DESKTOP-A399J42" name="a9_DataproviderTest.A4_MultiTestSingleDataProvider" tests="6" failures="0" timestamp="2022-09-01T17:54:53 IST" time="0.064" errors="0">
  <testcase name="loginTest" time="0.015" classname="a9_DataproviderTest.A4_MultiTestSingleDataProvider"/>
  <system-out/>
  <testcase name="loginTest" time="0.006" classname="a9_DataproviderTest.A4_MultiTestSingleDataProvider"/>
  <system-out/>
  <testcase name="loginTest" time="0.013" classname="a9_DataproviderTest.A4_MultiTestSingleDataProvider"/>
  <system-out/>
  <testcase name="bookingTest" time="0.012" classname="a9_DataproviderTest.A4_MultiTestSingleDataProvider"/>
  <system-out/>
  <testcase name="bookingTest" time="0.008" classname="a9_DataproviderTest.A4_MultiTestSingleDataProvider"/>
  <system-out/>
  <testcase name="bookingTest" time="0.010" classname="a9_DataproviderTest.A4_MultiTestSingleDataProvider"/>
  <system-out/>
</testsuite> <!-- a9_DataproviderTest.A4_MultiTestSingleDataProvider -->
