<?xml version="1.0" encoding="UTF-8"?>
<!-- Generated by org.testng.reporters.JUnitReportReporter -->
<testsuite skipped="0" hostname="DESKTOP-A399J42" name="a9_DataproviderTest.A2_SingleTestSingleDataProvider2" tests="3" failures="0" timestamp="2022-09-01T19:16:58 IST" time="0.053" errors="0">
  <testcase name="bookingTest" time="0.019" classname="a9_DataproviderTest.A2_SingleTestSingleDataProvider2"/>
  <system-out/>
  <testcase name="bookingTest" time="0.018" classname="a9_DataproviderTest.A2_SingleTestSingleDataProvider2"/>
  <system-out/>
  <testcase name="bookingTest" time="0.016" classname="a9_DataproviderTest.A2_SingleTestSingleDataProvider2"/>
  <system-out/>
</testsuite> <!-- a9_DataproviderTest.A2_SingleTestSingleDataProvider2 -->
