<?xml version="1.0" encoding="UTF-8"?>
<!-- Generated by org.testng.reporters.JUnitReportReporter -->
<testsuite skipped="0" hostname="DESKTOP-A399J42" name="a2_KeywordsTest.A7_DescriptionTest" tests="5" failures="0" timestamp="17 Aug 2022 04:30:42 GMT" time="0.047" errors="0">
  <testcase name="loginTest" time="0.031" classname="a2_KeywordsTest.A7_DescriptionTest"/>
  <testcase name="searchTest" time="0.016" classname="a2_KeywordsTest.A7_DescriptionTest"/>
  <testcase name="addTocardTest" time="0.000" classname="a2_KeywordsTest.A7_DescriptionTest"/>
  <testcase name="cheakoutpage" time="0.000" classname="a2_KeywordsTest.A7_DescriptionTest"/>
  <testcase name="placeOrder" time="0.000" classname="a2_KeywordsTest.A7_DescriptionTest"/>
</testsuite> <!-- a2_KeywordsTest.A7_DescriptionTest -->
