<?xml version="1.0" encoding="UTF-8"?>
<!-- Generated by org.testng.reporters.JUnitReportReporter -->
<testsuite skipped="0" hostname="DESKTOP-A399J42" name="a1_SampleTest.A3_ClassLevelTest" tests="5" failures="0" timestamp="16 Aug 2022 23:50:55 GMT" time="0.047" errors="0">
  <testcase name="loginTest" time="0.000" classname="a1_SampleTest.A3_ClassLevelTest"/>
  <testcase name="addTocardTest" time="0.031" classname="a1_SampleTest.A3_ClassLevelTest"/>
  <testcase name="searchTest" time="0.016" classname="a1_SampleTest.A3_ClassLevelTest"/>
  <testcase name="cheakoutpage" time="0.000" classname="a1_SampleTest.A3_ClassLevelTest"/>
  <testcase name="placeOrder" time="0.000" classname="a1_SampleTest.A3_ClassLevelTest"/>
</testsuite> <!-- a1_SampleTest.A3_ClassLevelTest -->
