<?xml version="1.0" encoding="UTF-8"?>
<!-- Generated by org.testng.reporters.JUnitReportReporter -->
<testsuite skipped="0" hostname="DESKTOP-A399J42" name="a2_KeywordsTest.A8_ReportLogTest" tests="5" failures="0" timestamp="17 Aug 2022 04:43:03 GMT" time="0.031" errors="0">
  <testcase name="loginTest" time="0.031" classname="a2_KeywordsTest.A8_ReportLogTest"/>
  <testcase name="searchTest" time="0.000" classname="a2_KeywordsTest.A8_ReportLogTest"/>
  <testcase name="addTocardTest" time="0.000" classname="a2_KeywordsTest.A8_ReportLogTest"/>
  <testcase name="cheakoutpage" time="0.000" classname="a2_KeywordsTest.A8_ReportLogTest"/>
  <testcase name="placeOrder" time="0.000" classname="a2_KeywordsTest.A8_ReportLogTest"/>
</testsuite> <!-- a2_KeywordsTest.A8_ReportLogTest -->
