<?xml version="1.0" encoding="UTF-8"?>
<!-- Generated by org.testng.reporters.JUnitReportReporter -->
<testsuite skipped="0" hostname="DESKTOP-A399J42" name="a4_perameterTest.A1_PerameterTest" tests="1" failures="0" timestamp="18 Aug 2022 05:55:24 GMT" time="0.031" errors="0">
  <testcase name="loginTest" time="0.031" classname="a4_perameterTest.A1_PerameterTest"/>
</testsuite> <!-- a4_perameterTest.A1_PerameterTest -->
