<?xml version="1.0" encoding="UTF-8"?>
<!-- Generated by org.testng.reporters.JUnitReportReporter -->
<testsuite skipped="0" hostname="DESKTOP-A399J42" name="a3_AnnotationTest.A2_ClassAnnotationTest" tests="5" failures="0" timestamp="19 Aug 2022 15:51:37 GMT" time="0.086" errors="0">
  <testcase name="loginTest" time="0.033" classname="a3_AnnotationTest.A2_ClassAnnotationTest"/>
  <testcase name="searchTest" time="0.000" classname="a3_AnnotationTest.A2_ClassAnnotationTest"/>
  <testcase name="addTocardTest" time="0.000" classname="a3_AnnotationTest.A2_ClassAnnotationTest"/>
  <testcase name="cheakoutpage" time="0.022" classname="a3_AnnotationTest.A2_ClassAnnotationTest"/>
  <testcase name="placeOrder" time="0.031" classname="a3_AnnotationTest.A2_ClassAnnotationTest"/>
</testsuite> <!-- a3_AnnotationTest.A2_ClassAnnotationTest -->
