<?xml version="1.0" encoding="UTF-8"?>
<!-- Generated by org.testng.reporters.JUnitReportReporter -->
<testsuite skipped="0" hostname="DESKTOP-A399J42" name="a4_perameterTest.A2_BooksTest" tests="1" failures="0" timestamp="23 Aug 2022 09:57:51 GMT" time="0.084" errors="0">
  <testcase name="loginTest" time="0.084" classname="a4_perameterTest.A2_BooksTest"/>
</testsuite> <!-- a4_perameterTest.A2_BooksTest -->
