<?xml version="1.0" encoding="UTF-8"?>
<!-- Generated by org.testng.reporters.JUnitReportReporter -->
<testsuite skipped="0" hostname="DESKTOP-A399J42" name="a2_KeywordsTest.B2_ExpectedExceptionTest" tests="1" failures="0" timestamp="17 Aug 2022 23:34:49 GMT" time="0.016" errors="0">
  <testcase name="loginTest" time="0.016" classname="a2_KeywordsTest.B2_ExpectedExceptionTest"/>
</testsuite> <!-- a2_KeywordsTest.B2_ExpectedExceptionTest -->
