<?xml version="1.0" encoding="UTF-8"?>
<!-- Generated by org.testng.reporters.JUnitReportReporter -->
<testsuite skipped="0" hostname="DESKTOP-A399J42" name="practiesTest.loginpagefactoryusingvariable" tests="1" failures="0" timestamp="21 Aug 2022 15:54:48 GMT" time="83.205" errors="0">
  <testcase name="logintest" time="83.205" classname="practiesTest.loginpagefactoryusingvariable"/>
</testsuite> <!-- practiesTest.loginpagefactoryusingvariable -->
