<?xml version="1.0" encoding="UTF-8"?>
<!-- Generated by org.testng.reporters.JUnitReportReporter -->
<testsuite skipped="0" hostname="DESKTOP-A399J42" name="a2_KeywordsTest.A2_priorityTest2" tests="7" failures="0" timestamp="18 Aug 2022 04:35:13 GMT" time="0.048" errors="0">
  <testcase name="loginDb" time="0.016" classname="a2_KeywordsTest.A2_priorityTest2"/>
  <testcase name="openBrowser" time="0.000" classname="a2_KeywordsTest.A2_priorityTest2"/>
  <testcase name="loginTest" time="0.000" classname="a2_KeywordsTest.A2_priorityTest2"/>
  <testcase name="searchTest" time="0.000" classname="a2_KeywordsTest.A2_priorityTest2"/>
  <testcase name="addTocardTest" time="0.016" classname="a2_KeywordsTest.A2_priorityTest2"/>
  <testcase name="cheakoutpage" time="0.000" classname="a2_KeywordsTest.A2_priorityTest2"/>
  <testcase name="placeOrder" time="0.016" classname="a2_KeywordsTest.A2_priorityTest2"/>
</testsuite> <!-- a2_KeywordsTest.A2_priorityTest2 -->
