<?xml version="1.0" encoding="UTF-8"?>
<!-- Generated by org.testng.reporters.JUnitReportReporter -->
<testsuite skipped="0" hostname="DESKTOP-A399J42" name="practiesTest.flipkardTestcase" tests="1" failures="0" timestamp="23 Aug 2022 10:36:00 GMT" time="38.538" errors="0">
  <testcase name="fpage" time="38.538" classname="practiesTest.flipkardTestcase"/>
</testsuite> <!-- practiesTest.flipkardTestcase -->
