<?xml version="1.0" encoding="UTF-8"?>
<!-- Generated by org.testng.reporters.JUnitReportReporter -->
<testsuite skipped="0" hostname="DESKTOP-A399J42" name="practiesTest.flipkart" tests="6" failures="0" timestamp="2022-08-26T11:44:43 IST" time="123.659" errors="0">
  <testcase name="searchproduct" time="66.290" classname="practiesTest.flipkart"/>
  <system-out/>
  <testcase name="price1" time="7.763" classname="practiesTest.flipkart"/>
  <system-out/>
  <testcase name="price2" time="38.862" classname="practiesTest.flipkart"/>
  <system-out/>
  <testcase name="price3" time="7.358" classname="practiesTest.flipkart"/>
  <system-out/>
  <testcase name="Remove" time="1.260" classname="practiesTest.flipkart"/>
  <system-out/>
  <testcase name="missingcard" time="2.126" classname="practiesTest.flipkart"/>
  <system-out/>
</testsuite> <!-- practiesTest.flipkart -->
