<?xml version="1.0" encoding="UTF-8"?>
<!-- Generated by org.testng.reporters.JUnitReportReporter -->
<testsuite skipped="0" hostname="DESKTOP-A399J42" name="a2_KeywordsTest.A9_InvocationCountTest" tests="6" failures="0" timestamp="17 Aug 2022 23:09:50 GMT" time="0.159" errors="0">
  <testcase name="loginTest" time="0.016" classname="a2_KeywordsTest.A9_InvocationCountTest"/>
  <testcase name="loginTest" time="0.016" classname="a2_KeywordsTest.A9_InvocationCountTest"/>
  <testcase name="loginTest" time="0.078" classname="a2_KeywordsTest.A9_InvocationCountTest"/>
  <testcase name="loginTest" time="0.000" classname="a2_KeywordsTest.A9_InvocationCountTest"/>
  <testcase name="loginTest" time="0.049" classname="a2_KeywordsTest.A9_InvocationCountTest"/>
  <testcase name="searchTest" time="0.000" classname="a2_KeywordsTest.A9_InvocationCountTest"/>
</testsuite> <!-- a2_KeywordsTest.A9_InvocationCountTest -->
