<?xml version="1.0" encoding="UTF-8"?>
<!-- Generated by org.testng.reporters.JUnitReportReporter -->
<testsuite skipped="0" hostname="DESKTOP-A399J42" name="A8_iTestResult.A1_ITest" tests="5" failures="0" timestamp="24 Aug 2022 04:12:31 GMT" time="0.107" errors="0">
  <testcase name="loginTest" time="0.045" classname="A8_iTestResult.A1_ITest"/>
  <testcase name="searchTest" time="0.015" classname="A8_iTestResult.A1_ITest"/>
  <testcase name="addTocardTest" time="0.016" classname="A8_iTestResult.A1_ITest"/>
  <testcase name="cheakoutpage" time="0.016" classname="A8_iTestResult.A1_ITest"/>
  <testcase name="placeOrder" time="0.015" classname="A8_iTestResult.A1_ITest"/>
</testsuite> <!-- A8_iTestResult.A1_ITest -->
