<?xml version="1.0" encoding="UTF-8"?>
<!-- Generated by org.testng.reporters.JUnitReportReporter -->
<testsuite skipped="0" hostname="DESKTOP-A399J42" name="a3_AnnotationTest.A1_MethodAnnotationTest" tests="5" failures="0" timestamp="18 Aug 2022 02:24:24 GMT" time="0.033" errors="0">
  <testcase name="loginTest" time="0.017" classname="a3_AnnotationTest.A1_MethodAnnotationTest"/>
  <testcase name="searchTest" time="0.000" classname="a3_AnnotationTest.A1_MethodAnnotationTest"/>
  <testcase name="addTocardTest" time="0.000" classname="a3_AnnotationTest.A1_MethodAnnotationTest"/>
  <testcase name="cheakoutpage" time="0.000" classname="a3_AnnotationTest.A1_MethodAnnotationTest"/>
  <testcase name="placeOrder" time="0.016" classname="a3_AnnotationTest.A1_MethodAnnotationTest"/>
</testsuite> <!-- a3_AnnotationTest.A1_MethodAnnotationTest -->
